<?xml version="1.0" encoding="UTF-8"?>
<testsuite xmlns:xsi="http://www.w3.org/2001/XMLSchema-instance" xsi:noNamespaceSchemaLocation="https://maven.apache.org/surefire/maven-surefire-plugin/xsd/surefire-test-report-3.0.xsd" version="3.0" name="domain.services.CandidateServiceTest" time="0.161" tests="4" errors="0" skipped="0" failures="0">
  <properties>
[...]
</properties>
  <testcase name="findById_whenCandidateIsFound_returnsCandidate" classname="domain.services.CandidateServiceTest" time="0.015"/>
  <testcase name="findById_whenCandidateIsNotFound_throwsException" classname="domain.services.CandidateServiceTest" time="0.014"/>
  <testcase name="findAll" classname="domain.services.CandidateServiceTest" time="0.015"/>
  <testcase name="save" classname="domain.services.CandidateServiceTest" time="0.012"/>
</testsuite>